* installing *source* package ‘bantha’ ...
** using staged installation
SystemRequirements: Cargo (Rust's package manager), rustc (>= 1.67.1)
Minimum Supported Rust Version (MSRV): 1.67.1
Trying to run: cargo --version
'cargo --version' reports: cargo 1.84.0 (66221abde 2024-11-19)
Found cargo version: 1.84.0
Trying to run: rustc --version
'rustc --version' reports: rustc 1.84.0 (9fc6b4312 2025-01-07)
Found rustc version: 1.84.0
MSRV is met.
Found a suitable installation of cargo and rustc.
   Compiling crossbeam-utils v0.8.21
   Compiling proc-macro2 v1.0.93
   Compiling unicode-ident v1.0.14
   Compiling crossbeam-epoch v0.9.18
   Compiling quote v1.0.38
   Compiling rayon-core v1.12.1
   Compiling crossbeam-deque v0.8.6
   Compiling syn v2.0.96
   Compiling either v1.13.0
   Compiling rust v0.1.0 (/home/dahl/docs/devel/bantha-package/bantha/bantha.Rcheck/00_pkg_src/bantha/src/rust)
   Compiling rayon v1.10.0
   Compiling roxido_macro v0.6.0 (/home/dahl/docs/devel/bantha-package/bantha/bantha.Rcheck/00_pkg_src/bantha/src/rust/roxido_macro)
   Compiling walltime v0.1.0 (https://github.com/dbdahl/rust-dahl-walltime.git#7d4e46e5)
   Compiling fastrand v2.3.0
   Compiling roxido v0.6.0 (/home/dahl/docs/devel/bantha-package/bantha/bantha.Rcheck/00_pkg_src/bantha/src/rust/roxido)
    Finished `release` profile [optimized + debuginfo] target(s) in 6.58s
   Compiling rust v0.1.0 (/home/dahl/docs/devel/bantha-package/bantha/bantha.Rcheck/00_pkg_src/bantha/src/rust)
    Finished `release` profile [optimized + debuginfo] target(s) in 2.89s
Built Rust static library.
Deleting temporary CARGO_HOME directory.
** libs
using C compiler: ‘gcc (GCC) 14.2.1 20240912 (Red Hat 14.2.1-3)’
gcc -I"/home/dahl/.local/R/4.4.2-latest/lib64/R/include" -DNDEBUG   -I/usr/local/include    -fpic  -g -O2  -g -O0 -c shim.c -o shim.o
gcc -shared -L/home/dahl/.local/R/4.4.2-latest/lib64/R/lib -L/usr/local/lib64 -o bantha.so shim.o -L. -lrust -L/home/dahl/.local/R/4.4.2-latest/lib64/R/lib -lR
installing to /home/dahl/docs/devel/bantha-package/bantha/bantha.Rcheck/00LOCK-bantha/00new/bantha/libs
** R
** data
** byte-compile and prepare package for lazy loading
** help
*** installing help indices
** building package indices
** testing if installed package can be loaded from temporary location
** checking absolute paths in shared objects and dynamic libraries
** testing if installed package can be loaded from final location
** testing if installed package keeps a record of temporary installation path
* DONE (bantha)
